<?xml version="1.0" encoding="UTF-8"?>
<!-- Generated by org.testng.reporters.JUnitReportReporter -->
<testsuite hostname="Laptop-2991" failures="0" tests="1" name="UnifyedX.CustomerOnboarding.Tests.OnboardingStep1TEST" time="4.972" errors="0" timestamp="2024-03-20T09:03:51 EDT" skipped="0">
  <testcase classname="UnifyedX.CustomerOnboarding.Tests.OnboardingStep1TEST" name="FirstTest" time="4.972"/>
</testsuite> <!-- UnifyedX.CustomerOnboarding.Tests.OnboardingStep1TEST -->
