<?xml version="1.0" encoding="UTF-8"?>
<!-- Generated by org.testng.reporters.JUnitReportReporter -->
<testsuite hostname="Laptop-2991" failures="0" tests="1" name="UnifyedX.CustomerOnboarding.Tests.TestOnboardingStep1" time="3.194" errors="0" timestamp="2024-03-20T05:50:44 EDT" skipped="0">
  <testcase classname="UnifyedX.CustomerOnboarding.Tests.TestOnboardingStep1" name="FirstTest" time="3.194"/>
</testsuite> <!-- UnifyedX.CustomerOnboarding.Tests.TestOnboardingStep1 -->
