<?xml version="1.0" encoding="UTF-8"?>
<!-- Generated by org.testng.reporters.JUnitReportReporter -->
<testsuite hostname="Laptop-2991" failures="0" tests="1" name="UnifyedX.CustomerOnboarding.Tests.OnboardingStep1TEST" time="5.054" errors="0" timestamp="2024-03-20T09:24:11 EDT" skipped="0">
  <testcase classname="UnifyedX.CustomerOnboarding.Tests.OnboardingStep1TEST" name="FirstTest" time="5.054"/>
</testsuite> <!-- UnifyedX.CustomerOnboarding.Tests.OnboardingStep1TEST -->
