<?xml version="1.0" encoding="UTF-8"?>
<!-- Generated by org.testng.reporters.JUnitReportReporter -->
<testsuite hostname="Laptop-2991" failures="0" tests="1" name="UnifyedX.CustomerOnboarding.Tests.TestOnboardingStep1" time="19.705" errors="0" timestamp="2024-03-19T23:33:43 EDT" skipped="0">
  <testcase classname="UnifyedX.CustomerOnboarding.Tests.TestOnboardingStep1" name="FirstTest" time="19.705"/>
</testsuite> <!-- UnifyedX.CustomerOnboarding.Tests.TestOnboardingStep1 -->
