<?xml version="1.0" encoding="UTF-8"?>
<!-- Generated by org.testng.reporters.JUnitReportReporter -->
<testsuite hostname="Laptop-2991" failures="0" tests="1" name="UnifyedX.CustomerOnboarding.Tests.OnboardingStep2TEST" time="6.142" errors="0" timestamp="2024-04-24T11:16:07 EDT" skipped="0">
  <testcase classname="UnifyedX.CustomerOnboarding.Tests.OnboardingStep2TEST" name="FirstTesta" time="6.142"/>
</testsuite> <!-- UnifyedX.CustomerOnboarding.Tests.OnboardingStep2TEST -->
